<?xml version="1.0" encoding="UTF-8"?>
<!-- Generated by org.testng.reporters.JUnitReportReporter -->
<testsuite hostname="Abhay" failures="0" tests="1" name="LoginScripts.Gmail" time="12.156" errors="0" timestamp="2023-04-05T14:18:05 IST" skipped="0">
  <testcase classname="LoginScripts.Gmail" name="testLogin" time="12.156"/>
  <system-out/>
</testsuite> <!-- LoginScripts.Gmail -->
